<?xml version="1.0" encoding="UTF-8"?>
<!-- Generated by org.testng.reporters.JUnitReportReporter -->
<testsuite hostname="Aaqibs-MacBook-Pro.local" failures="0" tests="2" name="tests.Registereduser" time="61.624" errors="0" timestamp="2023-03-31T23:45:32 PKT" skipped="0">
  <testcase classname="tests.Registereduser" name="sampleTest" time="0.009"/>
  <system-out/>
  <testcase classname="tests.Registereduser" name="test_SSS_registeredchk" time="61.615"/>
  <system-out/>
</testsuite> <!-- tests.Registereduser -->
