<?xml version="1.0" encoding="UTF-8"?>
<!-- Generated by org.testng.reporters.JUnitReportReporter -->
<testsuite hostname="Aaqibs-MacBook-Pro.local" failures="0" tests="2" name="tests.Testcases" time="113.010" errors="0" timestamp="2023-03-31T15:00:07 PKT" skipped="0">
  <testcase classname="tests.Testcases" name="sampleTest" time="0.009"/>
  <system-out/>
  <testcase classname="tests.Testcases" name="test_SSS_GuestChk" time="113.001"/>
  <system-out/>
</testsuite> <!-- tests.Testcases -->
